<?xml version="1.0" encoding="UTF-8"?>
<testsuite xmlns:xsi="http://www.w3.org/2001/XMLSchema-instance" xsi:noNamespaceSchemaLocation="https://maven.apache.org/surefire/maven-surefire-plugin/xsd/surefire-test-report-3.0.xsd" version="3.0" name="com.br.sosurbano.sosurbano.SosurbanoApplicationTests" time="5.924" tests="1" errors="0" skipped="0" failures="0">
  <properties>
[...]
</properties>
  <testcase name="contextLoads" classname="com.br.sosurbano.sosurbano.SosurbanoApplicationTests" time="0.368">
    <system-out><![CDATA[23:46:34.613 [main] INFO org.springframework.test.context.support.AnnotationConfigContextLoaderUtils -- Could not detect default configuration classes for test class [com.br.sosurbano.sosurbano.SosurbanoApplicationTests]: SosurbanoApplicationTests does not declare any static, non-private, non-final, nested classes annotated with @Configuration.
23:46:34.698 [main] INFO org.springframework.boot.test.context.SpringBootTestContextBootstrapper -- Found @SpringBootConfiguration com.br.sosurbano.sosurbano.SosurbanoApplication for test class com.br.sosurbano.sosurbano.SosurbanoApplicationTests
23:46:34.857 [main] INFO org.springframework.boot.devtools.restart.RestartApplicationListener -- Restart disabled due to context in which it is running

  .   ____          _            __ _ _
 /\\ / ___'_ __ _ _(_)_ __  __ _ \ \ \ \
( ( )\___ | '_ | '_| | '_ \/ _` | \ \ \ \
 \\/  ___)| |_)| | | | | || (_| |  ) ) ) )
  '  |____| .__|_| |_|_| |_\__, | / / / /
 =========|_|==============|___/=/_/_/_/
 :: Spring Boot ::               (v3.2.11)

2024-11-05T23:46:35.051-03:00  INFO 8604 --- [sosurbano] [           main] c.b.s.s.SosurbanoApplicationTests        : Starting SosurbanoApplicationTests using Java 17.0.12 with PID 8604 (started by clayt in C:\Users\clayt\Documents\projects\sosurbano\sosurbano)
2024-11-05T23:46:35.052-03:00  INFO 8604 --- [sosurbano] [           main] c.b.s.s.SosurbanoApplicationTests        : No active profile set, falling back to 1 default profile: "default"
2024-11-05T23:46:35.708-03:00  INFO 8604 --- [sosurbano] [           main] .s.d.r.c.RepositoryConfigurationDelegate : Bootstrapping Spring Data JPA repositories in DEFAULT mode.
2024-11-05T23:46:35.785-03:00  INFO 8604 --- [sosurbano] [           main] .s.d.r.c.RepositoryConfigurationDelegate : Finished Spring Data repository scanning in 68 ms. Found 4 JPA repository interfaces.
2024-11-05T23:46:36.313-03:00  INFO 8604 --- [sosurbano] [           main] com.zaxxer.hikari.HikariDataSource       : HikariPool-1 - Starting...
2024-11-05T23:46:36.843-03:00  INFO 8604 --- [sosurbano] [           main] com.zaxxer.hikari.pool.HikariPool        : HikariPool-1 - Added connection oracle.jdbc.driver.T4CConnection@7f0a133d
2024-11-05T23:46:36.845-03:00  INFO 8604 --- [sosurbano] [           main] com.zaxxer.hikari.HikariDataSource       : HikariPool-1 - Start completed.
2024-11-05T23:46:36.927-03:00  INFO 8604 --- [sosurbano] [           main] o.f.c.internal.license.VersionPrinter    : Flyway Community Edition 9.22.3 by Redgate
2024-11-05T23:46:36.928-03:00  INFO 8604 --- [sosurbano] [           main] o.f.c.internal.license.VersionPrinter    : See release notes here: https://rd.gt/416ObMi
2024-11-05T23:46:36.928-03:00  INFO 8604 --- [sosurbano] [           main] o.f.c.internal.license.VersionPrinter    : 
2024-11-05T23:46:36.944-03:00  INFO 8604 --- [sosurbano] [           main] org.flywaydb.core.FlywayExecutor         : Database: jdbc:oracle:thin:@oracle.fiap.com.br:1521:ORCL (Oracle 19.0)
2024-11-05T23:46:37.236-03:00  INFO 8604 --- [sosurbano] [           main] o.f.core.internal.command.DbValidate     : Successfully validated 5 migrations (execution time 00:00.066s)
2024-11-05T23:46:37.368-03:00  INFO 8604 --- [sosurbano] [           main] o.f.core.internal.command.DbMigrate      : Current version of schema "RM552854": 5
2024-11-05T23:46:37.395-03:00  INFO 8604 --- [sosurbano] [           main] o.f.core.internal.command.DbMigrate      : Schema "RM552854" is up to date. No migration necessary.
2024-11-05T23:46:37.566-03:00  INFO 8604 --- [sosurbano] [           main] o.hibernate.jpa.internal.util.LogHelper  : HHH000204: Processing PersistenceUnitInfo [name: default]
2024-11-05T23:46:37.673-03:00  INFO 8604 --- [sosurbano] [           main] org.hibernate.Version                    : HHH000412: Hibernate ORM core version 6.4.10.Final
2024-11-05T23:46:37.714-03:00  INFO 8604 --- [sosurbano] [           main] o.h.c.internal.RegionFactoryInitiator    : HHH000026: Second-level cache disabled
2024-11-05T23:46:37.927-03:00  INFO 8604 --- [sosurbano] [           main] o.s.o.j.p.SpringPersistenceUnitInfo      : No LoadTimeWeaver setup: ignoring JPA class transformer
2024-11-05T23:46:38.774-03:00  INFO 8604 --- [sosurbano] [           main] o.h.e.t.j.p.i.JtaPlatformInitiator       : HHH000489: No JTA platform available (set 'hibernate.transaction.jta.platform' to enable JTA platform integration)
2024-11-05T23:46:38.776-03:00  INFO 8604 --- [sosurbano] [           main] j.LocalContainerEntityManagerFactoryBean : Initialized JPA EntityManagerFactory for persistence unit 'default'
2024-11-05T23:46:39.169-03:00  WARN 8604 --- [sosurbano] [           main] JpaBaseConfiguration$JpaWebConfiguration : spring.jpa.open-in-view is enabled by default. Therefore, database queries may be performed during view rendering. Explicitly configure spring.jpa.open-in-view to disable this warning
2024-11-05T23:46:39.597-03:00  INFO 8604 --- [sosurbano] [           main] o.s.s.web.DefaultSecurityFilterChain     : Will secure any request with [org.springframework.security.web.session.DisableEncodeUrlFilter@72b4ecb2, org.springframework.security.web.context.request.async.WebAsyncManagerIntegrationFilter@457dc809, org.springframework.security.web.context.SecurityContextHolderFilter@6d028c7e, org.springframework.security.web.header.HeaderWriterFilter@69eb1f23, org.springframework.security.web.authentication.logout.LogoutFilter@4feea86f, com.br.sosurbano.sosurbano.config.security.TokenValidation@6768dc74, org.springframework.security.web.savedrequest.RequestCacheAwareFilter@1a16583d, org.springframework.security.web.servletapi.SecurityContextHolderAwareRequestFilter@33ccab9c, org.springframework.security.web.authentication.AnonymousAuthenticationFilter@5687ba39, org.springframework.security.web.session.SessionManagementFilter@2dedde74, org.springframework.security.web.access.ExceptionTranslationFilter@7c1f3125, org.springframework.security.web.access.intercept.AuthorizationFilter@6b9b9cb9]
2024-11-05T23:46:40.002-03:00  INFO 8604 --- [sosurbano] [           main] c.b.s.s.SosurbanoApplicationTests        : Started SosurbanoApplicationTests in 5.159 seconds (process running for 5.94)
]]></system-out>
  </testcase>
</testsuite>